RANK 5 waiting to recv
RANK 5 got data
RANK 11 waiting to recv
RANK 7 waiting to recv
RANK 1 waiting to recv
RANK 1 got data
RANK 2 waiting to recv
RANK 2 got data
RANK 4 waiting to recv
RANK 4 got data
RANK 6 waiting to recv
RANK 6 got data
RANK 3 waiting to recv
RANK 3 got data
RANK 7 got data
RANK 1 waiting to recv
RANK 2 waiting to recv
RANK 3 waiting to recv
RANK 4 waiting to recv
RANK 5 waiting to recv
RANK 9 waiting to recv
RANK 10 waiting to recv
RANK 13 waiting to recv
RANK 14 waiting to recv
RANK 12 waiting to recv
RANK 8 waiting to recv
RANK 8 got data
RANK 9 got data
RANK 10 got data
RANK 11 got data
RANK 12 got data
RANK 13 got data
RANK 14 got data
RANK 14 waiting to recv
RANK 12 waiting to recv
RANK 11 waiting to recv
RANK 13 waiting to recv
RANK 10 waiting to recv
RANK 6 waiting to recv
RANK 9 waiting to recv
RANK 7 waiting to recv
RANK 8 waiting to recv
RANK 1 got data
RANK 8 got data
RANK 2 got data
RANK 3 got data
RANK 4 got data
RANK 5 got data
RANK 6 got data
RANK 7 got data
RANK 10 got data
RANK 11 got data
RANK 12 got data
RANK 13 got data
RANK 14 got data
RANK 9 got data
RANK 14 waiting to recv
RANK 1 waiting to recv
RANK 2 waiting to recv
RANK 13 waiting to recv
RANK 3 waiting to recv
RANK 12 waiting to recv
RANK 4 waiting to recv
RANK 11 waiting to recv
RANK 5 waiting to recv
RANK 10 waiting to recv
RANK 6 waiting to recv
RANK 9 waiting to recv
RANK 8 waiting to recv
RANK 7 waiting to recv
RANK 1 got data
RANK 2 got data
RANK 3 got data
RANK 4 got data
RANK 5 got data
RANK 6 got data
RANK 7 got data
RANK 8 got data
RANK 10 got data
RANK 11 got data
RANK 12 got data
RANK 13 got data
RANK 14 got data
RANK 9 got data
RANK 1 waiting to recv
RANK 2 waiting to recv
RANK 3 waiting to recv
RANK 12 waiting to recv
RANK 13 waiting to recv
RANK 14 waiting to recv
RANK 4 waiting to recv
RANK 11 waiting to recv
RANK 5 waiting to recv
RANK 10 waiting to recv
RANK 6 waiting to recv
RANK 9 waiting to recv
RANK 8 waiting to recv
RANK 7 waiting to recv
RANK 1 got data
RANK 2 got data
RANK 3 got data
RANK 4 got data
RANK 5 got data
RANK 6 got data
RANK 7 got data
RANK 8 got data
RANK 10 got data
RANK 11 got data
RANK 12 got data
RANK 13 got data
RANK 14 got data
RANK 9 got data
RANK 1 waiting to recv
RANK 2 waiting to recv
RANK 3 waiting to recv
RANK 12 waiting to recv
RANK 13 waiting to recv
RANK 14 waiting to recv
RANK 4 waiting to recv
RANK 11 waiting to recv
RANK 5 waiting to recv
RANK 10 waiting to recv
RANK 6 waiting to recv
RANK 9 waiting to recv
RANK 8 waiting to recv
RANK 7 waiting to recv
RANK 1 got data
RANK 2 got data
RANK 3 got data
RANK 4 got data
RANK 5 got data
RANK 6 got data
RANK 7 got data
RANK 8 got data
RANK 10 got data
RANK 11 got data
RANK 12 got data
RANK 13 got data
RANK 14 got data
RANK 9 got data
RANK 14 waiting to recv
RANK 1 waiting to recv
RANK 2 waiting to recv
RANK 13 waiting to recv
RANK 3 waiting to recv
RANK 12 waiting to recv
RANK 4 waiting to recv
RANK 11 waiting to recv
RANK 5 waiting to recv
RANK 10 waiting to recv
RANK 6 waiting to recv
RANK 9 waiting to recv
RANK 8 waiting to recv
RANK 7 waiting to recv
RANK 1 got data
RANK 2 got data
RANK 3 got data
RANK 4 got data
RANK 5 got data
RANK 6 got data
RANK 7 got data
RANK 8 got data
RANK 9 got data
RANK 10 got data
RANK 11 got data
RANK 12 got data
RANK 13 got data
RANK 14 got data
RANK 1 waiting to recv
RANK 2 waiting to recv
RANK 3 waiting to recv
RANK 12 waiting to recv
RANK 13 waiting to recv
RANK 14 waiting to recv
RANK 4 waiting to recv
RANK 11 waiting to recv
RANK 5 waiting to recv
RANK 10 waiting to recv
RANK 6 waiting to recv
RANK 9 waiting to recv
RANK 8 waiting to recv
RANK 7 waiting to recv
RANK 1 got data
RANK 2 got data
RANK 3 got data
RANK 4 got data
RANK 5 got data
RANK 6 got data
RANK 7 got data
RANK 8 got data
RANK 9 got data
RANK 10 got data
RANK 11 got data
RANK 12 got data
RANK 13 got data
RANK 14 got data
RANK 1 waiting to recv
RANK 2 waiting to recv
RANK 13 waiting to recv
RANK 14 waiting to recv
RANK 3 waiting to recv
RANK 12 waiting to recv
RANK 4 waiting to recv
RANK 11 waiting to recv
RANK 5 waiting to recv
RANK 10 waiting to recv
RANK 6 waiting to recv
RANK 9 waiting to recv
RANK 8 waiting to recv
RANK 7 waiting to recv
RANK 1 got data
RANK 2 got data
RANK 3 got data
RANK 4 got data
RANK 5 got data
RANK 6 got data
RANK 7 got data
RANK 8 got data
RANK 9 got data
RANK 10 got data
RANK 11 got data
RANK 12 got data
RANK 14 got data
RANK 13 got data
RANK 14 waiting to recv
RANK 1 waiting to recv
RANK 2 waiting to recv
RANK 3 waiting to recv
RANK 13 waiting to recv
RANK 12 waiting to recv
RANK 4 waiting to recv
RANK 11 waiting to recv
RANK 5 waiting to recv
RANK 10 waiting to recv
RANK 6 waiting to recv
RANK 9 waiting to recv
RANK 8 waiting to recv
RANK 7 waiting to recv
RANK 1 got data
RANK 2 got data
RANK 3 got data
RANK 4 got data
RANK 5 got data
RANK 6 got data
RANK 7 got data
RANK 8 got data
RANK 9 got data
RANK 10 got data
RANK 11 got data
RANK 12 got data
RANK 13 got data
RANK 14 got data
RANK 14 waiting to recv
RANK 1 waiting to recv
RANK 2 waiting to recv
RANK 3 waiting to recv
RANK 13 waiting to recv
RANK 12 waiting to recv
RANK 4 waiting to recv
RANK 11 waiting to recv
RANK 5 waiting to recv
RANK 10 waiting to recv
RANK 6 waiting to recv
RANK 9 waiting to recv
RANK 8 waiting to recv
RANK 7 waiting to recv
RANK 1 got data
RANK 2 got data
RANK 3 got data
RANK 4 got data
RANK 5 got data
RANK 6 got data
RANK 7 got data
RANK 8 got data
RANK 9 got data
RANK 10 got data
RANK 11 got data
RANK 12 got data
RANK 13 got data
RANK 14 got data
Measurements: 10
Image Size: 1750 x 1750
Average Time: 0.154754s
Standard Deviation: 0.00906569s
