RANK 2 waiting to recv
RANK 7 waiting to recv
RANK 19 waiting to recv
RANK 13 waiting to recv
RANK 3 waiting to recv
NUM TASKS ADJUSTED TO 24
NUM TASKS ADJUSTED TO 23
NUM TASKS ADJUSTED TO 22
NUM TASKS ADJUSTED TO 21
RANK 1 waiting to recv
RANK 4 waiting to recv
RANK 1 got data
RANK 2 got data
RANK 4 got data
RANK 6 waiting to recv
RANK 5 waiting to recv
RANK 5 got data
RANK 6 got data
RANK 3 got data
RANK 1 waiting to recv
RANK 2 waiting to recv
RANK 3 waiting to recv
RANK 4 waiting to recv
RANK 8 waiting to recv
rank 24 skipped
RANK 12 waiting to recv
RANK 20 waiting to recv
RANK 9 waiting to recv
rank 21 skipped
RANK 11 waiting to recv
rank 22 skipped
RANK 10 waiting to recv
rank 23 skipped
RANK 15 waiting to recv
RANK 7 got data
RANK 16 waiting to recv
RANK 8 got data
RANK 14 waiting to recv
RANK 9 got data
RANK 18 waiting to recv
RANK 10 got data
RANK 17 waiting to recv
RANK 11 got data
RANK 13 got data
RANK 12 got data
RANK 14 got data
RANK 15 got data
RANK 16 got data
RANK 19 got data
RANK 17 got data
RANK 20 got data
RANK 18 got data
RANK 20 waiting to recv
RANK 19 waiting to recv
RANK 18 waiting to recv
RANK 17 waiting to recv
RANK 16 waiting to recv
RANK 5 waiting to recv
RANK 6 waiting to recv
RANK 15 waiting to recv
RANK 7 waiting to recv
RANK 14 waiting to recv
RANK 8 waiting to recv
RANK 13 waiting to recv
RANK 9 waiting to recv
RANK 12 waiting to recv
RANK 11 waiting to recv
RANK 10 waiting to recv
RANK 1 got data
RANK 7 got data
RANK 2 got data
RANK 3 got data
RANK 4 got data
RANK 6 got data
RANK 5 got data
RANK 13 got data
RANK 8 got data
RANK 19 got data
RANK 9 got data
RANK 10 got data
RANK 11 got data
RANK 12 got data
RANK 14 got data
RANK 20 got data
RANK 15 got data
RANK 17 got data
RANK 18 got data
RANK 16 got data
RANK 20 waiting to recv
RANK 1 waiting to recv
RANK 2 waiting to recv
RANK 19 waiting to recv
RANK 3 waiting to recv
RANK 18 waiting to recv
RANK 4 waiting to recv
RANK 17 waiting to recv
RANK 5 waiting to recv
RANK 16 waiting to recv
RANK 6 waiting to recv
RANK 15 waiting to recv
RANK 7 waiting to recv
RANK 14 waiting to recv
RANK 13 waiting to recv
RANK 8 waiting to recv
RANK 9 waiting to recv
RANK 12 waiting to recv
RANK 10 waiting to recv
RANK 11 waiting to recv
RANK 1 got data
RANK 2 got data
RANK 3 got data
RANK 4 got data
RANK 6 got data
RANK 5 got data
RANK 13 got data
RANK 19 got data
RANK 14 got data
RANK 7 got data
RANK 20 got data
RANK 15 got data
RANK 16 got data
RANK 17 got data
RANK 18 got data
RANK 8 got data
RANK 9 got data
RANK 10 got data
RANK 11 got data
RANK 12 got data
RANK 1 waiting to recv
RANK 2 waiting to recv
RANK 3 waiting to recv
RANK 4 waiting to recv
RANK 5 waiting to recv
RANK 16 waiting to recv
RANK 17 waiting to recv
RANK 18 waiting to recv
RANK 19 waiting to recv
RANK 20 waiting to recv
RANK 6 waiting to recv
RANK 15 waiting to recv
RANK 7 waiting to recv
RANK 14 waiting to recv
RANK 8 waiting to recv
RANK 13 waiting to recv
RANK 9 waiting to recv
RANK 12 waiting to recv
RANK 10 waiting to recv
RANK 11 waiting to recv
RANK 1 got data
RANK 2 got data
RANK 3 got data
RANK 4 got data
RANK 6 got data
RANK 5 got data
RANK 13 got data
RANK 19 got data
RANK 7 got data
RANK 14 got data
RANK 20 got data
RANK 15 got data
RANK 16 got data
RANK 17 got data
RANK 18 got data
RANK 8 got data
RANK 9 got data
RANK 10 got data
RANK 11 got data
RANK 12 got data
RANK 20 waiting to recv
RANK 1 waiting to recv
RANK 2 waiting to recv
RANK 19 waiting to recv
RANK 3 waiting to recv
RANK 18 waiting to recv
RANK 4 waiting to recv
RANK 17 waiting to recv
RANK 5 waiting to recv
RANK 16 waiting to recv
RANK 6 waiting to recv
RANK 15 waiting to recv
RANK 7 waiting to recv
RANK 14 waiting to recv
RANK 8 waiting to recv
RANK 13 waiting to recv
RANK 9 waiting to recv
RANK 12 waiting to recv
RANK 10 waiting to recv
RANK 11 waiting to recv
RANK 1 got data
RANK 2 got data
RANK 3 got data
RANK 4 got data
RANK 6 got data
RANK 5 got data
RANK 13 got data
RANK 7 got data
RANK 19 got data
RANK 14 got data
RANK 20 got data
RANK 15 got data
RANK 16 got data
RANK 17 got data
RANK 18 got data
RANK 8 got data
RANK 9 got data
RANK 10 got data
RANK 11 got data
RANK 12 got data
RANK 1 waiting to recv
RANK 2 waiting to recv
RANK 3 waiting to recv
RANK 4 waiting to recv
RANK 5 waiting to recv
RANK 16 waiting to recv
RANK 17 waiting to recv
RANK 18 waiting to recv
RANK 19 waiting to recv
RANK 20 waiting to recv
RANK 6 waiting to recv
RANK 15 waiting to recv
RANK 7 waiting to recv
RANK 14 waiting to recv
RANK 8 waiting to recv
RANK 13 waiting to recv
RANK 9 waiting to recv
RANK 12 waiting to recv
RANK 10 waiting to recv
RANK 11 waiting to recv
RANK 1 got data
RANK 2 got data
RANK 3 got data
RANK 4 got data
RANK 6 got data
RANK 5 got data
RANK 7 got data
RANK 13 got data
RANK 8 got data
RANK 19 got data
RANK 9 got data
RANK 10 got data
RANK 11 got data
RANK 12 got data
RANK 14 got data
RANK 20 got data
RANK 15 got data
RANK 16 got data
RANK 17 got data
RANK 18 got data
RANK 1 waiting to recv
RANK 2 waiting to recv
RANK 3 waiting to recv
RANK 4 waiting to recv
RANK 5 waiting to recv
RANK 16 waiting to recv
RANK 17 waiting to recv
RANK 18 waiting to recv
RANK 19 waiting to recv
RANK 20 waiting to recv
RANK 6 waiting to recv
RANK 15 waiting to recv
RANK 7 waiting to recv
RANK 14 waiting to recv
RANK 8 waiting to recv
RANK 13 waiting to recv
RANK 9 waiting to recv
RANK 12 waiting to recv
RANK 10 waiting to recv
RANK 11 waiting to recv
RANK 1 got data
RANK 2 got data
RANK 3 got data
RANK 4 got data
RANK 6 got data
RANK 5 got data
RANK 13 got data
RANK 7 got data
RANK 19 got data
RANK 14 got data
RANK 20 got data
RANK 15 got data
RANK 16 got data
RANK 17 got data
RANK 18 got data
RANK 8 got data
RANK 9 got data
RANK 10 got data
RANK 11 got data
RANK 12 got data
RANK 1 waiting to recv
RANK 2 waiting to recv
RANK 3 waiting to recv
RANK 4 waiting to recv
RANK 5 waiting to recv
RANK 16 waiting to recv
RANK 17 waiting to recv
RANK 18 waiting to recv
RANK 19 waiting to recv
RANK 20 waiting to recv
RANK 6 waiting to recv
RANK 15 waiting to recv
RANK 7 waiting to recv
RANK 14 waiting to recv
RANK 8 waiting to recv
RANK 13 waiting to recv
RANK 9 waiting to recv
RANK 12 waiting to recv
RANK 10 waiting to recv
RANK 11 waiting to recv
RANK 1 got data
RANK 2 got data
RANK 3 got data
RANK 4 got data
RANK 6 got data
RANK 5 got data
RANK 13 got data
RANK 19 got data
RANK 14 got data
RANK 20 got data
RANK 15 got data
RANK 7 got data
RANK 16 got data
RANK 17 got data
RANK 18 got data
RANK 8 got data
RANK 9 got data
RANK 10 got data
RANK 11 got data
RANK 12 got data
RANK 20 waiting to recv
RANK 1 waiting to recv
RANK 2 waiting to recv
RANK 3 waiting to recv
RANK 18 waiting to recv
RANK 19 waiting to recv
RANK 4 waiting to recv
RANK 17 waiting to recv
RANK 5 waiting to recv
RANK 16 waiting to recv
RANK 6 waiting to recv
RANK 15 waiting to recv
RANK 7 waiting to recv
RANK 14 waiting to recv
RANK 8 waiting to recv
RANK 13 waiting to recv
RANK 9 waiting to recv
RANK 12 waiting to recv
RANK 10 waiting to recv
RANK 11 waiting to recv
RANK 1 got data
RANK 2 got data
RANK 3 got data
RANK 4 got data
RANK 6 got data
RANK 5 got data
RANK 13 got data
RANK 19 got data
RANK 7 got data
RANK 14 got data
RANK 20 got data
RANK 15 got data
RANK 16 got data
RANK 17 got data
RANK 18 got data
RANK 8 got data
RANK 9 got data
RANK 10 got data
RANK 11 got data
RANK 12 got data
RANK 20 waiting to recv
RANK 1 waiting to recv
RANK 2 waiting to recv
RANK 3 waiting to recv
RANK 18 waiting to recv
RANK 19 waiting to recv
RANK 4 waiting to recv
RANK 17 waiting to recv
RANK 5 waiting to recv
RANK 16 waiting to recv
RANK 6 waiting to recv
RANK 15 waiting to recv
RANK 7 waiting to recv
RANK 14 waiting to recv
RANK 8 waiting to recv
RANK 13 waiting to recv
RANK 9 waiting to recv
RANK 12 waiting to recv
RANK 10 waiting to recv
RANK 11 waiting to recv
RANK 1 got data
RANK 2 got data
RANK 3 got data
RANK 4 got data
RANK 6 got data
RANK 5 got data
RANK 13 got data
RANK 19 got data
RANK 7 got data
RANK 14 got data
RANK 20 got data
RANK 15 got data
RANK 8 got data
RANK 16 got data
RANK 9 got data
RANK 17 got data
RANK 18 got data
RANK 10 got data
RANK 11 got data
RANK 12 got data
Measurements: 10
Image Size: 4000 x 4000
Average Time: 0.587504s
Standard Deviation: 0.00513256s
