RANK 1 waiting to recv
RANK 3 waiting to recv
RANK 3 got data
RANK 4 waiting to recv
RANK 4 got data
RANK 2 waiting to recv
RANK 1 got data
RANK 2 got data
RANK 4 waiting to recv
RANK 1 waiting to recv
RANK 2 waiting to recv
RANK 3 waiting to recv
RANK 1 got data
RANK 2 got data
RANK 3 got data
RANK 4 got data
RANK 4 waiting to recv
RANK 1 waiting to recv
RANK 2 waiting to recv
RANK 3 waiting to recv
RANK 1 got data
RANK 2 got data
RANK 3 got data
RANK 4 got data
RANK 4 waiting to recv
RANK 1 waiting to recv
RANK 3 waiting to recv
RANK 2 waiting to recv
RANK 1 got data
RANK 2 got data
RANK 3 got data
RANK 4 got data
RANK 4 waiting to recv
RANK 1 waiting to recv
RANK 2 waiting to recv
RANK 3 waiting to recv
RANK 1 got data
RANK 2 got data
RANK 3 got data
RANK 4 got data
RANK 4 waiting to recv
RANK 1 waiting to recv
RANK 2 waiting to recv
RANK 3 waiting to recv
RANK 1 got data
RANK 2 got data
RANK 3 got data
RANK 4 got data
RANK 4 waiting to recv
RANK 1 waiting to recv
RANK 2 waiting to recv
RANK 3 waiting to recv
RANK 1 got data
RANK 2 got data
RANK 3 got data
RANK 4 got data
RANK 4 waiting to recv
RANK 1 waiting to recv
RANK 2 waiting to recv
RANK 3 waiting to recv
RANK 1 got data
RANK 2 got data
RANK 3 got data
RANK 4 got data
RANK 4 waiting to recv
RANK 1 waiting to recv
RANK 2 waiting to recv
RANK 3 waiting to recv
RANK 1 got data
RANK 2 got data
RANK 3 got data
RANK 4 got data
RANK 4 waiting to recv
RANK 1 waiting to recv
RANK 2 waiting to recv
RANK 3 waiting to recv
RANK 1 got data
RANK 2 got data
RANK 3 got data
RANK 4 got data
Measurements: 10
Image Size: 4000 x 4000
Average Time: 1.48794s
Standard Deviation: 0.00260903s
