RANK 5 waiting to recv
RANK 1 waiting to recv
rank 7 skipped
rank 8 skipped
rank 6 skipped
RANK 5 got data
RANK 5 waiting to recv
RANK 5 got data
RANK 5 waiting to recv
RANK 2 waiting to recv
RANK 4 waiting to recv
RANK 3 waiting to recv
NUM TASKS ADJUSTED TO 8
NUM TASKS ADJUSTED TO 7
NUM TASKS ADJUSTED TO 6
RANK 1 got data
RANK 2 got data
RANK 3 got data
RANK 4 got data
RANK 1 waiting to recv
RANK 2 waiting to recv
RANK 4 waiting to recv
RANK 3 waiting to recv
RANK 1 got data
RANK 2 got data
RANK 3 got data
RANK 4 got data
RANK 1 waiting to recv
RANK 2 waiting to recv
RANK 4 waiting to recv
RANK 3 waiting to recv
RANK 2 got data
RANK 3 got data
RANK 4 got data
RANK 1 got data
RANK 5 got data
RANK 5 waiting to recv
RANK 1 waiting to recv
RANK 2 waiting to recv
RANK 4 waiting to recv
RANK 3 waiting to recv
RANK 5 got data
RANK 1 got data
RANK 2 got data
RANK 3 got data
RANK 4 got data
RANK 1 waiting to recv
RANK 5 waiting to recv
RANK 2 waiting to recv
RANK 4 waiting to recv
RANK 3 waiting to recv
RANK 1 got data
RANK 5 got data
RANK 2 got data
RANK 3 got data
RANK 4 got data
RANK 1 waiting to recv
RANK 5 waiting to recv
RANK 2 waiting to recv
RANK 4 waiting to recv
RANK 3 waiting to recv
RANK 1 got data
RANK 2 got data
RANK 5 got data
RANK 3 got data
RANK 4 got data
RANK 1 waiting to recv
RANK 5 waiting to recv
RANK 2 waiting to recv
RANK 4 waiting to recv
RANK 3 waiting to recv
RANK 5 got data
RANK 1 got data
RANK 2 got data
RANK 3 got data
RANK 4 got data
RANK 1 waiting to recv
RANK 5 waiting to recv
RANK 2 waiting to recv
RANK 4 waiting to recv
RANK 3 waiting to recv
RANK 5 got data
RANK 1 got data
RANK 2 got data
RANK 3 got data
RANK 4 got data
RANK 1 waiting to recv
RANK 5 waiting to recv
RANK 2 waiting to recv
RANK 4 waiting to recv
RANK 3 waiting to recv
RANK 5 got data
RANK 1 got data
RANK 2 got data
RANK 3 got data
RANK 4 got data
RANK 1 waiting to recv
RANK 5 waiting to recv
RANK 2 waiting to recv
RANK 4 waiting to recv
RANK 3 waiting to recv
RANK 5 got data
RANK 1 got data
RANK 2 got data
RANK 3 got data
RANK 4 got data
Measurements: 10
Image Size: 500 x 500
Average Time: 0.0319045s
Standard Deviation: 0.00152986s
