TASKS: 24
TASKS: 24
TASKS: 24
NUMBERS: 100000
TASKS: 24
NUMBERS: 100000
TASKS: 24
NUMBERS: 100000
TASKS: 24
NUMBERS: 100000
TASKS: 24
NUMBERS: 100000
TASKS: 24
NUMBERS: 100000
TASKS: 24
NUMBERS: 100000
NUMBERS: 100000
TASKS: 24
NUMBERS: 100000
TASKS: 24
NUMBERS: 100000
TASKS: 24
NUMBERS: 100000
TASKS: 24
NUMBERS: 100000
TASKS: 24
NUMBERS: 100000
TASKS: 24
NUMBERS: 100000
TASKS: 24
NUMBERS: 100000
NUMBERS: 100000
TASKS: 24
NUMBERS: 100000
TASKS: 24
TASKS: 24
NUMBERS: 100000
TASKS: 24
NUMBERS: 100000
TASKS: 24
NUMBERS: 100000
TASKS: 24
NUMBERS: 100000
NUMBERS: 100000
TASKS: 24
NUMBERS: 100000
TASKS: 24
NUMBERS: 100000
Measurements: 1
Average Time: 0.066362s
Standard Deviation: 0s
