TASKS: 32
NUMBERS: 1000000
TASKS: 32
NUMBERS: 1000000
TASKS: 32
NUMBERS: 1000000
TASKS: 32
TASKS: 32
NUMBERS: 1000000
TASKS: 32
NUMBERS: 1000000
TASKS: 32
NUMBERS: 1000000
TASKS: 32
TASKS: 32
NUMBERS: 1000000
TASKS: 32
NUMBERS: 1000000
NUMBERS: 1000000
NUMBERS: 1000000
TASKS: 32
NUMBERS: 1000000
TASKS: 32
TASKS: 32
NUMBERS: 1000000
TASKS: 32
NUMBERS: 1000000
TASKS: 32
NUMBERS: 1000000
TASKS: 32
NUMBERS: 1000000
TASKS: 32
NUMBERS: 1000000
TASKS: 32
NUMBERS: 1000000
NUMBERS: 1000000
TASKS: 32
TASKS: 32
NUMBERS: 1000000
TASKS: 32
NUMBERS: 1000000
TASKS: 32
NUMBERS: 1000000
TASKS: 32
NUMBERS: 1000000
TASKS: 32
NUMBERS: 1000000
TASKS: 32
NUMBERS: 1000000
NUMBERS: 1000000
TASKS: 32
NUMBERS: 1000000
TASKS: 32
NUMBERS: 1000000
TASKS: 32
NUMBERS: 1000000
TASKS: 32
NUMBERS: 1000000
TASKS: 32
NUMBERS: 1000000
TASKS: 32
NUMBERS: 1000000
TASKS: 32
NUMBERS: 1000000
Measurements: 1
Average Time: 4.02234s
Standard Deviation: 0s
