TASKS: 24
TASKS: 24
NUMBERS: 200000
TASKS: 24
NUMBERS: 200000
TASKS: 24
NUMBERS: 200000
TASKS: 24
NUMBERS: 200000
TASKS: 24
NUMBERS: 200000
TASKS: 24
NUMBERS: 200000
TASKS: 24
NUMBERS: 200000
TASKS: 24
TASKS: 24
NUMBERS: 200000
NUMBERS: 200000
NUMBERS: 200000
TASKS: 24
TASKS: 24
NUMBERS: 200000
TASKS: 24
NUMBERS: 200000
TASKS: 24
NUMBERS: 200000
TASKS: 24
NUMBERS: 200000
TASKS: 24
NUMBERS: 200000
TASKS: 24
NUMBERS: 200000
NUMBERS: 200000
TASKS: 24
NUMBERS: 200000
TASKS: 24
NUMBERS: 200000
TASKS: 24
NUMBERS: 200000
TASKS: 24
NUMBERS: 200000
TASKS: 24
NUMBERS: 200000
TASKS: 24
NUMBERS: 200000
TASKS: 24
NUMBERS: 200000
Measurements: 1
Average Time: 0.196822s
Standard Deviation: 0s
