TASKS: 24
NUMBERS: 800000
TASKS: 24
TASKS: 24
TASKS: 24
NUMBERS: 800000
TASKS: 24
TASKS: 24
NUMBERS: 800000
TASKS: 24
NUMBERS: 800000
TASKS: 24
NUMBERS: 800000
TASKS: 24
TASKS: 24
NUMBERS: 800000
NUMBERS: 800000
NUMBERS: 800000
TASKS: 24
NUMBERS: 800000
TASKS: 24
NUMBERS: 800000
TASKS: 24
NUMBERS: 800000
TASKS: 24
NUMBERS: 800000
TASKS: 24
NUMBERS: 800000
TASKS: 24
NUMBERS: 800000
TASKS: 24
NUMBERS: 800000
TASKS: 24
NUMBERS: 800000
TASKS: 24
TASKS: 24
NUMBERS: 800000
NUMBERS: 800000
TASKS: 24
NUMBERS: 800000
TASKS: 24
NUMBERS: 800000
TASKS: 24
TASKS: 24
NUMBERS: 800000
NUMBERS: 800000
NUMBERS: 800000
NUMBERS: 800000
Measurements: 1
Average Time: 5.50641s
Standard Deviation: 0s
