TASKS: 27
NUMBERS: 1000
TASKS: 27
TASKS: 27
NUMBERS: 1000
TASKS: 27
NUMBERS: 1000
TASKS: 27
NUMBERS: 1000
TASKS: 27
NUMBERS: 1000
TASKS: 27
TASKS: 27
NUMBERS: 1000
TASKS: 27
NUMBERS: 1000
TASKS: 27
NUMBERS: 1000
NUMBERS: 1000
TASKS: 27
NUMBERS: 1000
TASKS: 27
NUMBERS: 1000
TASKS: 27
NUMBERS: 1000
TASKS: 27
NUMBERS: 1000
TASKS: 27
NUMBERS: 1000
NUMBERS: 1000
TASKS: 27
NUMBERS: 1000
TASKS: 27
NUMBERS: 1000
TASKS: 27
TASKS: 27
NUMBERS: 1000
NUMBERS: 1000
TASKS: 27
NUMBERS: 1000
TASKS: 27
NUMBERS: 1000
TASKS: 27
NUMBERS: 1000
TASKS: 27
NUMBERS: 1000
TASKS: 27
NUMBERS: 1000
TASKS: 27
NUMBERS: 1000
TASKS: 27
NUMBERS: 1000
TASKS: 27
NUMBERS: 1000
Measurements: 1
Average Time: 0.028211s
Standard Deviation: 0s
