TASKS: 24
TASKS: 24
NUMBERS: 1000
TASKS: 24
NUMBERS: 1000
TASKS: 24
NUMBERS: 1000
TASKS: 24
NUMBERS: 1000
TASKS: 24
NUMBERS: 1000
TASKS: 24
NUMBERS: 1000
TASKS: 24
NUMBERS: 1000
TASKS: 24
NUMBERS: 1000
TASKS: 24
NUMBERS: 1000
NUMBERS: 1000
TASKS: 24
NUMBERS: 1000
TASKS: 24
TASKS: 24
NUMBERS: 1000
TASKS: 24
NUMBERS: 1000
TASKS: 24
NUMBERS: 1000
TASKS: 24
NUMBERS: 1000
TASKS: 24
NUMBERS: 1000
NUMBERS: 1000
TASKS: 24
NUMBERS: 1000
TASKS: 24
NUMBERS: 1000
TASKS: 24
TASKS: 24
NUMBERS: 1000
TASKS: 24
NUMBERS: 1000
TASKS: 24
NUMBERS: 1000
NUMBERS: 1000
TASKS: 24
NUMBERS: 1000
Measurements: 1
Average Time: 0.094754s
Standard Deviation: 0s
