TASKS: 24
NUMBERS: 400000
TASKS: 24
TASKS: 24
NUMBERS: 400000
TASKS: 24
TASKS: 24
NUMBERS: 400000
TASKS: 24
NUMBERS: 400000
TASKS: 24
NUMBERS: 400000
TASKS: 24
NUMBERS: 400000
TASKS: 24
NUMBERS: 400000
NUMBERS: 400000
TASKS: 24
TASKS: 24
NUMBERS: 400000
TASKS: 24
NUMBERS: 400000
TASKS: 24
NUMBERS: 400000
TASKS: 24
NUMBERS: 400000
NUMBERS: 400000
TASKS: 24
NUMBERS: 400000
TASKS: 24
NUMBERS: 400000
TASKS: 24
NUMBERS: 400000
TASKS: 24
NUMBERS: 400000
TASKS: 24
NUMBERS: 400000
TASKS: 24
NUMBERS: 400000
TASKS: 24
NUMBERS: 400000
TASKS: 24
NUMBERS: 400000
NUMBERS: 400000
TASKS: 24
NUMBERS: 400000
TASKS: 24
NUMBERS: 400000
Measurements: 1
Average Time: 0.674621s
Standard Deviation: 0s
