TASKS: 24
TASKS: 24
TASKS: 24
TASKS: 24
NUMBERS: 10000
TASKS: 24
NUMBERS: 10000
TASKS: 24
NUMBERS: 10000
TASKS: 24
NUMBERS: 10000
TASKS: 24
NUMBERS: 10000
NUMBERS: 10000
TASKS: 24
TASKS: 24
NUMBERS: 10000
NUMBERS: 10000
TASKS: 24
NUMBERS: 10000
TASKS: 24
NUMBERS: 10000
TASKS: 24
NUMBERS: 10000
TASKS: 24
NUMBERS: 10000
TASKS: 24
NUMBERS: 10000
TASKS: 24
NUMBERS: 10000
TASKS: 24
NUMBERS: 10000
NUMBERS: 10000
TASKS: 24
NUMBERS: 10000
TASKS: 24
NUMBERS: 10000
TASKS: 24
NUMBERS: 10000
TASKS: 24
NUMBERS: 10000
TASKS: 24
NUMBERS: 10000
TASKS: 24
NUMBERS: 10000
TASKS: 24
NUMBERS: 10000
NUMBERS: 10000
Measurements: 1
Average Time: 0.02392s
Standard Deviation: 0s
