TASKS: 27
TASKS: 27
NUMBERS: 400000
TASKS: 27
TASKS: 27
NUMBERS: 400000
TASKS: 27
NUMBERS: 400000
TASKS: 27
NUMBERS: 400000
TASKS: 27
NUMBERS: 400000
TASKS: 27
TASKS: 27
NUMBERS: 400000
NUMBERS: 400000
TASKS: 27
NUMBERS: 400000
NUMBERS: 400000
TASKS: 27
NUMBERS: 400000
TASKS: 27
TASKS: 27
NUMBERS: 400000
TASKS: 27
NUMBERS: 400000
TASKS: 27
NUMBERS: 400000
TASKS: 27
NUMBERS: 400000
TASKS: 27
NUMBERS: 400000
TASKS: 27
TASKS: 27
NUMBERS: 400000
NUMBERS: 400000
NUMBERS: 400000
TASKS: 27
NUMBERS: 400000
TASKS: 27
NUMBERS: 400000
TASKS: 27
NUMBERS: 400000
NUMBERS: 400000
TASKS: 27
TASKS: 27
NUMBERS: 400000
NUMBERS: 400000
TASKS: 27
NUMBERS: 400000
TASKS: 27
NUMBERS: 400000
TASKS: 27
NUMBERS: 400000
Measurements: 1
Average Time: 0.551056s
Standard Deviation: 0s
