TASKS: 27
NUMBERS: 200000
TASKS: 27
NUMBERS: 200000
TASKS: 27
TASKS: 27
NUMBERS: 200000
TASKS: 27
TASKS: 27
NUMBERS: 200000
TASKS: 27
NUMBERS: 200000
TASKS: 27
NUMBERS: 200000
TASKS: 27
NUMBERS: 200000
TASKS: 27
NUMBERS: 200000
NUMBERS: 200000
TASKS: 27
NUMBERS: 200000
TASKS: 27
NUMBERS: 200000
TASKS: 27
NUMBERS: 200000
TASKS: 27
NUMBERS: 200000
TASKS: 27
NUMBERS: 200000
TASKS: 27
NUMBERS: 200000
TASKS: 27
NUMBERS: 200000
TASKS: 27
NUMBERS: 200000
TASKS: 27
NUMBERS: 200000
NUMBERS: 200000
TASKS: 27
NUMBERS: 200000
TASKS: 27
NUMBERS: 200000
TASKS: 27
NUMBERS: 200000
TASKS: 27
NUMBERS: 200000
TASKS: 27
NUMBERS: 200000
TASKS: 27
NUMBERS: 200000
TASKS: 27
NUMBERS: 200000
TASKS: 27
NUMBERS: 200000
Measurements: 1
Average Time: 0.16615s
Standard Deviation: 0s
