TASKS: 27
TASKS: 27
TASKS: 27
NUMBERS: 100000
TASKS: 27
TASKS: 27
NUMBERS: 100000
TASKS: 27
NUMBERS: 100000
TASKS: 27
NUMBERS: 100000
TASKS: 27
NUMBERS: 100000
TASKS: 27
NUMBERS: 100000
TASKS: 27
NUMBERS: 100000
NUMBERS: 100000
TASKS: 27
NUMBERS: 100000
TASKS: 27
NUMBERS: 100000
TASKS: 27
NUMBERS: 100000
TASKS: 27
NUMBERS: 100000
TASKS: 27
NUMBERS: 100000
NUMBERS: 100000
TASKS: 27
NUMBERS: 100000
TASKS: 27
NUMBERS: 100000
TASKS: 27
TASKS: 27
NUMBERS: 100000
TASKS: 27
NUMBERS: 100000
NUMBERS: 100000
TASKS: 27
NUMBERS: 100000
TASKS: 27
NUMBERS: 100000
TASKS: 27
NUMBERS: 100000
TASKS: 27
NUMBERS: 100000
TASKS: 27
NUMBERS: 100000
TASKS: 27
NUMBERS: 100000
TASKS: 27
NUMBERS: 100000
NUMBERS: 100000
Measurements: 1
Average Time: 0.068665s
Standard Deviation: 0s
