TASKS: 27
TASKS: 27
NUMBERS: 1500000
TASKS: 27
TASKS: 27
NUMBERS: 1500000
TASKS: 27
NUMBERS: 1500000
TASKS: 27
NUMBERS: 1500000
TASKS: 27
NUMBERS: 1500000
TASKS: 27
NUMBERS: 1500000
TASKS: 27
NUMBERS: 1500000
TASKS: 27
NUMBERS: 1500000
NUMBERS: 1500000
TASKS: 27
NUMBERS: 1500000
TASKS: 27
NUMBERS: 1500000
TASKS: 27
NUMBERS: 1500000
TASKS: 27
NUMBERS: 1500000
TASKS: 27
NUMBERS: 1500000
TASKS: 27
NUMBERS: 1500000
TASKS: 27
NUMBERS: 1500000
TASKS: 27
NUMBERS: 1500000
TASKS: 27
NUMBERS: 1500000
NUMBERS: 1500000
TASKS: 27
TASKS: 27
NUMBERS: 1500000
NUMBERS: 1500000
TASKS: 27
NUMBERS: 1500000
TASKS: 27
NUMBERS: 1500000
TASKS: 27
NUMBERS: 1500000
TASKS: 27
NUMBERS: 1500000
TASKS: 27
NUMBERS: 1500000
TASKS: 27
NUMBERS: 1500000
Measurements: 1
Average Time: 11.0589s
Standard Deviation: 0s
