TASKS: 27
TASKS: 27
NUMBERS: 10000
TASKS: 27
TASKS: 27
NUMBERS: 10000
TASKS: 27
NUMBERS: 10000
TASKS: 27
NUMBERS: 10000
TASKS: 27
NUMBERS: 10000
TASKS: 27
NUMBERS: 10000
TASKS: 27
NUMBERS: 10000
TASKS: 27
NUMBERS: 10000
NUMBERS: 10000
TASKS: 27
TASKS: 27
NUMBERS: 10000
TASKS: 27
NUMBERS: 10000
TASKS: 27
NUMBERS: 10000
NUMBERS: 10000
TASKS: 27
NUMBERS: 10000
TASKS: 27
NUMBERS: 10000
TASKS: 27
NUMBERS: 10000
TASKS: 27
TASKS: 27
NUMBERS: 10000
TASKS: 27
NUMBERS: 10000
TASKS: 27
NUMBERS: 10000
TASKS: 27
NUMBERS: 10000
TASKS: 27
NUMBERS: 10000
NUMBERS: 10000
TASKS: 27
NUMBERS: 10000
TASKS: 27
NUMBERS: 10000
NUMBERS: 10000
TASKS: 27
NUMBERS: 10000
TASKS: 27
NUMBERS: 10000
Measurements: 1
Average Time: 0.029241s
Standard Deviation: 0s
