TASKS: 27
NUMBERS: 800000
TASKS: 27
NUMBERS: 800000
TASKS: 27
NUMBERS: 800000
TASKS: 27
NUMBERS: 800000
TASKS: 27
TASKS: 27
NUMBERS: 800000
TASKS: 27
NUMBERS: 800000
TASKS: 27
NUMBERS: 800000
NUMBERS: 800000
TASKS: 27
NUMBERS: 800000
TASKS: 27
NUMBERS: 800000
TASKS: 27
NUMBERS: 800000
TASKS: 27
NUMBERS: 800000
TASKS: 27
NUMBERS: 800000
TASKS: 27
NUMBERS: 800000
TASKS: 27
NUMBERS: 800000
TASKS: 27
NUMBERS: 800000
TASKS: 27
NUMBERS: 800000
TASKS: 27
NUMBERS: 800000
TASKS: 27
NUMBERS: 800000
TASKS: 27
NUMBERS: 800000
TASKS: 27
NUMBERS: 800000
TASKS: 27
TASKS: 27
NUMBERS: 800000
TASKS: 27
NUMBERS: 800000
TASKS: 27
NUMBERS: 800000
NUMBERS: 800000
TASKS: 27
NUMBERS: 800000
TASKS: 27
NUMBERS: 800000
Measurements: 1
Average Time: 2.58447s
Standard Deviation: 0s
