TASKS: 24
TASKS: 24
NUMBERS: 1000000
TASKS: 24
NUMBERS: 1000000
TASKS: 24
NUMBERS: 1000000
TASKS: 24
NUMBERS: 1000000
TASKS: 24
NUMBERS: 1000000
TASKS: 24
NUMBERS: 1000000
TASKS: 24
NUMBERS: 1000000
TASKS: 24
NUMBERS: 1000000
NUMBERS: 1000000
TASKS: 24
NUMBERS: 1000000
TASKS: 24
NUMBERS: 1000000
TASKS: 24
NUMBERS: 1000000
TASKS: 24
NUMBERS: 1000000
TASKS: 24
NUMBERS: 1000000
TASKS: 24
NUMBERS: 1000000
TASKS: 24
NUMBERS: 1000000
TASKS: 24
NUMBERS: 1000000
TASKS: 24
TASKS: 24
NUMBERS: 1000000
TASKS: 24
NUMBERS: 1000000
TASKS: 24
NUMBERS: 1000000
NUMBERS: 1000000
TASKS: 24
NUMBERS: 1000000
TASKS: 24
NUMBERS: 1000000
TASKS: 24
NUMBERS: 1000000
Measurements: 1
Average Time: 7.50383s
Standard Deviation: 0s
