TASKS: 24
NUMBERS: 1500000
TASKS: 24
TASKS: 24
TASKS: 24
NUMBERS: 1500000
TASKS: 24
TASKS: 24
NUMBERS: 1500000
TASKS: 24
NUMBERS: 1500000
TASKS: 24
NUMBERS: 1500000
TASKS: 24
NUMBERS: 1500000
TASKS: 24
NUMBERS: 1500000
TASKS: 24
NUMBERS: 1500000
TASKS: 24
TASKS: 24
NUMBERS: 1500000
NUMBERS: 1500000
TASKS: 24
NUMBERS: 1500000
TASKS: 24
NUMBERS: 1500000
TASKS: 24
NUMBERS: 1500000
TASKS: 24
NUMBERS: 1500000
NUMBERS: 1500000
NUMBERS: 1500000
TASKS: 24
NUMBERS: 1500000
TASKS: 24
NUMBERS: 1500000
TASKS: 24
NUMBERS: 1500000
TASKS: 24
NUMBERS: 1500000
TASKS: 24
NUMBERS: 1500000
TASKS: 24
NUMBERS: 1500000
TASKS: 24
NUMBERS: 1500000
NUMBERS: 1500000
Measurements: 1
Average Time: 12.5727s
Standard Deviation: 0s
