TASKS: 27
TASKS: 27
NUMBERS: 1000000
TASKS: 27
NUMBERS: 1000000
TASKS: 27
TASKS: 27
NUMBERS: 1000000
TASKS: 27
NUMBERS: 1000000
TASKS: 27
NUMBERS: 1000000
TASKS: 27
NUMBERS: 1000000
TASKS: 27
NUMBERS: 1000000
TASKS: 27
NUMBERS: 1000000
NUMBERS: 1000000
TASKS: 27
TASKS: 27
NUMBERS: 1000000
TASKS: 27
NUMBERS: 1000000
NUMBERS: 1000000
TASKS: 27
NUMBERS: 1000000
TASKS: 27
NUMBERS: 1000000
TASKS: 27
NUMBERS: 1000000
TASKS: 27
NUMBERS: 1000000
TASKS: 27
NUMBERS: 1000000
TASKS: 27
NUMBERS: 1000000
TASKS: 27
NUMBERS: 1000000
TASKS: 27
NUMBERS: 1000000
TASKS: 27
NUMBERS: 1000000
TASKS: 27
NUMBERS: 1000000
TASKS: 27
NUMBERS: 1000000
TASKS: 27
NUMBERS: 1000000
TASKS: 27
NUMBERS: 1000000
TASKS: 27
NUMBERS: 1000000
NUMBERS: 1000000
Measurements: 1
Average Time: 5.2544s
Standard Deviation: 0s
